2022-06-07 19:07:39,370 INFO 4120 [egg:logger] init all loggers with options: {"dir":"D:\\webtest\\server\\logs\\server","encoding":"utf8","env":"local","level":"INFO","consoleLevel":"INFO","disableConsoleAfterReady":false,"outputJSON":false,"buffer":true,"appLogName":"server-web.log","coreLogName":"egg-web.log","agentLogName":"egg-agent.log","errorLogName":"common-error.log","coreLogger":{"consoleLevel":"WARN"},"allowDebugAtProd":false,"enablePerformanceTimer":false,"type":"application"}
2022-06-07 19:07:39,395 INFO 4120 [egg-multipart] stream mode enable
2022-06-07 19:07:39,764 INFO 4120 [egg-static] starting static serve /public/ -> D:\webtest\server\app\public
2022-06-07 19:07:39,767 INFO 4120 [egg-security] use methodnoallow middleware
2022-06-07 19:07:39,768 INFO 4120 [egg-security] use noopen middleware
2022-06-07 19:07:39,770 INFO 4120 [egg-security] use nosniff middleware
2022-06-07 19:07:39,771 INFO 4120 [egg-security] use xssProtection middleware
2022-06-07 19:07:39,771 INFO 4120 [egg-security] use xframe middleware
2022-06-07 19:07:39,772 INFO 4120 [egg-security] use dta middleware
2022-06-07 19:07:39,772 INFO 4120 [egg-security] compose 6 middlewares into one security middleware
2022-06-07 19:07:39,781 INFO 4120 [egg:core] dump config after load, 4ms
2022-06-07 19:07:39,823 INFO 4120 [egg-watcher:application] watcher start success
2022-06-07 19:07:39,840 INFO 4120 [egg:core] dump config after ready, 5ms
2022-06-07 19:14:07,329 INFO 9464 [egg:logger] init all loggers with options: {"dir":"D:\\webtest\\server\\logs\\server","encoding":"utf8","env":"local","level":"INFO","consoleLevel":"INFO","disableConsoleAfterReady":false,"outputJSON":false,"buffer":true,"appLogName":"server-web.log","coreLogName":"egg-web.log","agentLogName":"egg-agent.log","errorLogName":"common-error.log","coreLogger":{"consoleLevel":"WARN"},"allowDebugAtProd":false,"enablePerformanceTimer":false,"type":"application"}
2022-06-07 19:14:07,352 INFO 9464 [egg-multipart] stream mode enable
2022-06-07 19:14:07,663 INFO 9464 [egg-static] starting static serve /public/ -> D:\webtest\server\app\public
2022-06-07 19:14:07,665 INFO 9464 [egg-security] use methodnoallow middleware
2022-06-07 19:14:07,665 INFO 9464 [egg-security] use noopen middleware
2022-06-07 19:14:07,666 INFO 9464 [egg-security] use nosniff middleware
2022-06-07 19:14:07,666 INFO 9464 [egg-security] use xssProtection middleware
2022-06-07 19:14:07,667 INFO 9464 [egg-security] use xframe middleware
2022-06-07 19:14:07,667 INFO 9464 [egg-security] use dta middleware
2022-06-07 19:14:07,667 INFO 9464 [egg-security] compose 6 middlewares into one security middleware
2022-06-07 19:14:07,675 INFO 9464 [egg:core] dump config after load, 4ms
2022-06-07 19:14:07,711 INFO 9464 [egg-watcher:application] watcher start success
2022-06-07 19:14:07,727 INFO 9464 [egg:core] dump config after ready, 6ms
2022-06-07 19:18:58,883 INFO 14656 [egg:logger] init all loggers with options: {"dir":"D:\\webtest\\server\\logs\\server","encoding":"utf8","env":"local","level":"INFO","consoleLevel":"INFO","disableConsoleAfterReady":false,"outputJSON":false,"buffer":true,"appLogName":"server-web.log","coreLogName":"egg-web.log","agentLogName":"egg-agent.log","errorLogName":"common-error.log","coreLogger":{"consoleLevel":"WARN"},"allowDebugAtProd":false,"enablePerformanceTimer":false,"type":"application"}
2022-06-07 19:18:58,907 INFO 14656 [egg-multipart] stream mode enable
2022-06-07 19:18:59,262 INFO 14656 [egg-static] starting static serve /public/ -> D:\webtest\server\app\public
2022-06-07 19:18:59,264 INFO 14656 [egg-security] use methodnoallow middleware
2022-06-07 19:18:59,264 INFO 14656 [egg-security] use noopen middleware
2022-06-07 19:18:59,265 INFO 14656 [egg-security] use nosniff middleware
2022-06-07 19:18:59,266 INFO 14656 [egg-security] use xssProtection middleware
2022-06-07 19:18:59,266 INFO 14656 [egg-security] use xframe middleware
2022-06-07 19:18:59,267 INFO 14656 [egg-security] use dta middleware
2022-06-07 19:18:59,267 INFO 14656 [egg-security] compose 6 middlewares into one security middleware
2022-06-07 19:18:59,275 INFO 14656 [egg:core] dump config after load, 5ms
2022-06-07 19:18:59,316 INFO 14656 [egg-watcher:application] watcher start success
2022-06-07 19:18:59,335 INFO 14656 [egg:core] dump config after ready, 7ms
2022-06-07 20:56:22,426 INFO 12644 [egg:logger] init all loggers with options: {"dir":"D:\\webtest\\server\\logs\\server","encoding":"utf8","env":"local","level":"INFO","consoleLevel":"INFO","disableConsoleAfterReady":false,"outputJSON":false,"buffer":true,"appLogName":"server-web.log","coreLogName":"egg-web.log","agentLogName":"egg-agent.log","errorLogName":"common-error.log","coreLogger":{"consoleLevel":"WARN"},"allowDebugAtProd":false,"enablePerformanceTimer":false,"type":"application"}
2022-06-07 20:56:22,449 INFO 12644 [egg-multipart] stream mode enable
2022-06-07 20:56:22,771 INFO 12644 [egg-static] starting static serve /public/ -> D:\webtest\server\app\public
2022-06-07 20:56:22,773 INFO 12644 [egg-security] use methodnoallow middleware
2022-06-07 20:56:22,774 INFO 12644 [egg-security] use noopen middleware
2022-06-07 20:56:22,774 INFO 12644 [egg-security] use nosniff middleware
2022-06-07 20:56:22,775 INFO 12644 [egg-security] use xssProtection middleware
2022-06-07 20:56:22,775 INFO 12644 [egg-security] use xframe middleware
2022-06-07 20:56:22,776 INFO 12644 [egg-security] use dta middleware
2022-06-07 20:56:22,776 INFO 12644 [egg-security] compose 6 middlewares into one security middleware
2022-06-07 20:56:22,784 INFO 12644 [egg:core] dump config after load, 5ms
2022-06-07 20:56:22,821 INFO 12644 [egg-watcher:application] watcher start success
2022-06-07 20:56:22,858 INFO 12644 [egg:core] dump config after ready, 6ms
2022-06-07 20:59:50,908 INFO 14268 [egg:logger] init all loggers with options: {"dir":"D:\\webtest\\server\\logs\\server","encoding":"utf8","env":"local","level":"INFO","consoleLevel":"INFO","disableConsoleAfterReady":false,"outputJSON":false,"buffer":true,"appLogName":"server-web.log","coreLogName":"egg-web.log","agentLogName":"egg-agent.log","errorLogName":"common-error.log","coreLogger":{"consoleLevel":"WARN"},"allowDebugAtProd":false,"enablePerformanceTimer":false,"type":"application"}
2022-06-07 20:59:50,935 INFO 14268 [egg-multipart] stream mode enable
2022-06-07 20:59:51,329 INFO 14268 [egg-static] starting static serve /public/ -> D:\webtest\server\app\public
2022-06-07 20:59:51,331 INFO 14268 [egg-security] use methodnoallow middleware
2022-06-07 20:59:51,332 INFO 14268 [egg-security] use noopen middleware
2022-06-07 20:59:51,332 INFO 14268 [egg-security] use nosniff middleware
2022-06-07 20:59:51,333 INFO 14268 [egg-security] use xssProtection middleware
2022-06-07 20:59:51,333 INFO 14268 [egg-security] use xframe middleware
2022-06-07 20:59:51,334 INFO 14268 [egg-security] use dta middleware
2022-06-07 20:59:51,334 INFO 14268 [egg-security] compose 6 middlewares into one security middleware
2022-06-07 20:59:51,342 INFO 14268 [egg:core] dump config after load, 4ms
2022-06-07 20:59:51,380 INFO 14268 [egg-watcher:application] watcher start success
2022-06-07 20:59:51,403 INFO 14268 [egg:core] dump config after ready, 5ms
2022-06-07 21:00:12,620 INFO 7196 [egg:logger] init all loggers with options: {"dir":"D:\\webtest\\server\\logs\\server","encoding":"utf8","env":"local","level":"INFO","consoleLevel":"INFO","disableConsoleAfterReady":false,"outputJSON":false,"buffer":true,"appLogName":"server-web.log","coreLogName":"egg-web.log","agentLogName":"egg-agent.log","errorLogName":"common-error.log","coreLogger":{"consoleLevel":"WARN"},"allowDebugAtProd":false,"enablePerformanceTimer":false,"type":"application"}
2022-06-07 21:00:12,645 INFO 7196 [egg-multipart] stream mode enable
2022-06-07 21:00:13,000 INFO 7196 [egg-static] starting static serve /public/ -> D:\webtest\server\app\public
2022-06-07 21:00:13,002 INFO 7196 [egg-security] use methodnoallow middleware
2022-06-07 21:00:13,003 INFO 7196 [egg-security] use noopen middleware
2022-06-07 21:00:13,004 INFO 7196 [egg-security] use nosniff middleware
2022-06-07 21:00:13,004 INFO 7196 [egg-security] use xssProtection middleware
2022-06-07 21:00:13,004 INFO 7196 [egg-security] use xframe middleware
2022-06-07 21:00:13,005 INFO 7196 [egg-security] use dta middleware
2022-06-07 21:00:13,005 INFO 7196 [egg-security] compose 6 middlewares into one security middleware
2022-06-07 21:00:13,014 INFO 7196 [egg:core] dump config after load, 5ms
2022-06-07 21:00:13,053 INFO 7196 [egg-watcher:application] watcher start success
2022-06-07 21:00:13,076 INFO 7196 [egg:core] dump config after ready, 6ms
2022-06-07 21:06:25,334 INFO 7268 [egg:logger] init all loggers with options: {"dir":"D:\\webtest\\server\\logs\\server","encoding":"utf8","env":"local","level":"INFO","consoleLevel":"INFO","disableConsoleAfterReady":false,"outputJSON":false,"buffer":true,"appLogName":"server-web.log","coreLogName":"egg-web.log","agentLogName":"egg-agent.log","errorLogName":"common-error.log","coreLogger":{"consoleLevel":"WARN"},"allowDebugAtProd":false,"enablePerformanceTimer":false,"type":"application"}
2022-06-07 21:06:25,361 INFO 7268 [egg-multipart] stream mode enable
2022-06-07 21:06:25,728 INFO 7268 [egg-static] starting static serve /public/ -> D:\webtest\server\app\public
2022-06-07 21:06:25,730 INFO 7268 [egg-security] use methodnoallow middleware
2022-06-07 21:06:25,731 INFO 7268 [egg-security] use noopen middleware
2022-06-07 21:06:25,731 INFO 7268 [egg-security] use nosniff middleware
2022-06-07 21:06:25,732 INFO 7268 [egg-security] use xssProtection middleware
2022-06-07 21:06:25,732 INFO 7268 [egg-security] use xframe middleware
2022-06-07 21:06:25,733 INFO 7268 [egg-security] use dta middleware
2022-06-07 21:06:25,733 INFO 7268 [egg-security] compose 6 middlewares into one security middleware
2022-06-07 21:06:25,742 INFO 7268 [egg:core] dump config after load, 4ms
2022-06-07 21:06:25,779 INFO 7268 [egg-watcher:application] watcher start success
2022-06-07 21:06:25,802 INFO 7268 [egg:core] dump config after ready, 5ms
2022-06-07 21:06:59,852 INFO 17736 [egg:logger] init all loggers with options: {"dir":"D:\\webtest\\server\\logs\\server","encoding":"utf8","env":"local","level":"INFO","consoleLevel":"INFO","disableConsoleAfterReady":false,"outputJSON":false,"buffer":true,"appLogName":"server-web.log","coreLogName":"egg-web.log","agentLogName":"egg-agent.log","errorLogName":"common-error.log","coreLogger":{"consoleLevel":"WARN"},"allowDebugAtProd":false,"enablePerformanceTimer":false,"type":"application"}
2022-06-07 21:06:59,875 INFO 17736 [egg-multipart] stream mode enable
2022-06-07 21:07:00,254 INFO 17736 [egg-static] starting static serve /public/ -> D:\webtest\server\app\public
2022-06-07 21:07:00,257 INFO 17736 [egg-security] use methodnoallow middleware
2022-06-07 21:07:00,257 INFO 17736 [egg-security] use noopen middleware
2022-06-07 21:07:00,258 INFO 17736 [egg-security] use nosniff middleware
2022-06-07 21:07:00,258 INFO 17736 [egg-security] use xssProtection middleware
2022-06-07 21:07:00,259 INFO 17736 [egg-security] use xframe middleware
2022-06-07 21:07:00,259 INFO 17736 [egg-security] use dta middleware
2022-06-07 21:07:00,260 INFO 17736 [egg-security] compose 6 middlewares into one security middleware
2022-06-07 21:07:00,270 INFO 17736 [egg:core] dump config after load, 5ms
2022-06-07 21:07:00,315 INFO 17736 [egg-watcher:application] watcher start success
2022-06-07 21:07:00,339 INFO 17736 [egg:core] dump config after ready, 5ms
2022-06-07 21:07:54,086 INFO 13568 [egg:logger] init all loggers with options: {"dir":"D:\\webtest\\server\\logs\\server","encoding":"utf8","env":"local","level":"INFO","consoleLevel":"INFO","disableConsoleAfterReady":false,"outputJSON":false,"buffer":true,"appLogName":"server-web.log","coreLogName":"egg-web.log","agentLogName":"egg-agent.log","errorLogName":"common-error.log","coreLogger":{"consoleLevel":"WARN"},"allowDebugAtProd":false,"enablePerformanceTimer":false,"type":"application"}
2022-06-07 21:07:54,110 INFO 13568 [egg-multipart] stream mode enable
2022-06-07 21:07:54,484 INFO 13568 [egg-static] starting static serve /public/ -> D:\webtest\server\app\public
2022-06-07 21:07:54,486 INFO 13568 [egg-security] use methodnoallow middleware
2022-06-07 21:07:54,486 INFO 13568 [egg-security] use noopen middleware
2022-06-07 21:07:54,487 INFO 13568 [egg-security] use nosniff middleware
2022-06-07 21:07:54,487 INFO 13568 [egg-security] use xssProtection middleware
2022-06-07 21:07:54,488 INFO 13568 [egg-security] use xframe middleware
2022-06-07 21:07:54,488 INFO 13568 [egg-security] use dta middleware
2022-06-07 21:07:54,488 INFO 13568 [egg-security] compose 6 middlewares into one security middleware
2022-06-07 21:07:54,498 INFO 13568 [egg:core] dump config after load, 5ms
2022-06-07 21:07:54,536 INFO 13568 [egg-watcher:application] watcher start success
2022-06-07 21:07:54,560 INFO 13568 [egg:core] dump config after ready, 6ms
2022-06-07 21:08:30,180 INFO 4100 [egg:logger] init all loggers with options: {"dir":"D:\\webtest\\server\\logs\\server","encoding":"utf8","env":"local","level":"INFO","consoleLevel":"INFO","disableConsoleAfterReady":false,"outputJSON":false,"buffer":true,"appLogName":"server-web.log","coreLogName":"egg-web.log","agentLogName":"egg-agent.log","errorLogName":"common-error.log","coreLogger":{"consoleLevel":"WARN"},"allowDebugAtProd":false,"enablePerformanceTimer":false,"type":"application"}
2022-06-07 21:08:30,205 INFO 4100 [egg-multipart] stream mode enable
2022-06-07 21:08:30,586 INFO 4100 [egg-static] starting static serve /public/ -> D:\webtest\server\app\public
2022-06-07 21:08:30,588 INFO 4100 [egg-security] use methodnoallow middleware
2022-06-07 21:08:30,589 INFO 4100 [egg-security] use noopen middleware
2022-06-07 21:08:30,589 INFO 4100 [egg-security] use nosniff middleware
2022-06-07 21:08:30,590 INFO 4100 [egg-security] use xssProtection middleware
2022-06-07 21:08:30,590 INFO 4100 [egg-security] use xframe middleware
2022-06-07 21:08:30,591 INFO 4100 [egg-security] use dta middleware
2022-06-07 21:08:30,591 INFO 4100 [egg-security] compose 6 middlewares into one security middleware
2022-06-07 21:08:30,602 INFO 4100 [egg:core] dump config after load, 4ms
2022-06-07 21:08:30,642 INFO 4100 [egg-watcher:application] watcher start success
2022-06-07 21:08:30,666 INFO 4100 [egg:core] dump config after ready, 5ms
2022-06-07 21:08:43,980 INFO 3544 [egg:logger] init all loggers with options: {"dir":"D:\\webtest\\server\\logs\\server","encoding":"utf8","env":"local","level":"INFO","consoleLevel":"INFO","disableConsoleAfterReady":false,"outputJSON":false,"buffer":true,"appLogName":"server-web.log","coreLogName":"egg-web.log","agentLogName":"egg-agent.log","errorLogName":"common-error.log","coreLogger":{"consoleLevel":"WARN"},"allowDebugAtProd":false,"enablePerformanceTimer":false,"type":"application"}
2022-06-07 21:08:44,003 INFO 3544 [egg-multipart] stream mode enable
2022-06-07 21:08:44,327 INFO 3544 [egg-static] starting static serve /public/ -> D:\webtest\server\app\public
2022-06-07 21:08:44,329 INFO 3544 [egg-security] use methodnoallow middleware
2022-06-07 21:08:44,329 INFO 3544 [egg-security] use noopen middleware
2022-06-07 21:08:44,330 INFO 3544 [egg-security] use nosniff middleware
2022-06-07 21:08:44,331 INFO 3544 [egg-security] use xssProtection middleware
2022-06-07 21:08:44,331 INFO 3544 [egg-security] use xframe middleware
2022-06-07 21:08:44,331 INFO 3544 [egg-security] use dta middleware
2022-06-07 21:08:44,332 INFO 3544 [egg-security] compose 6 middlewares into one security middleware
2022-06-07 21:08:44,341 INFO 3544 [egg:core] dump config after load, 5ms
2022-06-07 21:08:44,377 INFO 3544 [egg-watcher:application] watcher start success
2022-06-07 21:08:44,398 INFO 3544 [egg:core] dump config after ready, 5ms
2022-06-07 21:08:52,154 INFO 12476 [egg:logger] init all loggers with options: {"dir":"D:\\webtest\\server\\logs\\server","encoding":"utf8","env":"local","level":"INFO","consoleLevel":"INFO","disableConsoleAfterReady":false,"outputJSON":false,"buffer":true,"appLogName":"server-web.log","coreLogName":"egg-web.log","agentLogName":"egg-agent.log","errorLogName":"common-error.log","coreLogger":{"consoleLevel":"WARN"},"allowDebugAtProd":false,"enablePerformanceTimer":false,"type":"application"}
2022-06-07 21:08:52,178 INFO 12476 [egg-multipart] stream mode enable
2022-06-07 21:08:52,508 INFO 12476 [egg-static] starting static serve /public/ -> D:\webtest\server\app\public
2022-06-07 21:08:52,509 INFO 12476 [egg-security] use methodnoallow middleware
2022-06-07 21:08:52,510 INFO 12476 [egg-security] use noopen middleware
2022-06-07 21:08:52,511 INFO 12476 [egg-security] use nosniff middleware
2022-06-07 21:08:52,511 INFO 12476 [egg-security] use xssProtection middleware
2022-06-07 21:08:52,511 INFO 12476 [egg-security] use xframe middleware
2022-06-07 21:08:52,512 INFO 12476 [egg-security] use dta middleware
2022-06-07 21:08:52,512 INFO 12476 [egg-security] compose 6 middlewares into one security middleware
2022-06-07 21:08:52,521 INFO 12476 [egg:core] dump config after load, 4ms
2022-06-07 21:08:52,558 INFO 12476 [egg-watcher:application] watcher start success
2022-06-07 21:08:52,580 INFO 12476 [egg:core] dump config after ready, 5ms
2022-06-07 21:09:34,331 INFO 1276 [egg:logger] init all loggers with options: {"dir":"D:\\webtest\\server\\logs\\server","encoding":"utf8","env":"local","level":"INFO","consoleLevel":"INFO","disableConsoleAfterReady":false,"outputJSON":false,"buffer":true,"appLogName":"server-web.log","coreLogName":"egg-web.log","agentLogName":"egg-agent.log","errorLogName":"common-error.log","coreLogger":{"consoleLevel":"WARN"},"allowDebugAtProd":false,"enablePerformanceTimer":false,"type":"application"}
2022-06-07 21:09:34,357 INFO 1276 [egg-multipart] stream mode enable
2022-06-07 21:09:34,699 INFO 1276 [egg-static] starting static serve /public/ -> D:\webtest\server\app\public
2022-06-07 21:09:34,701 INFO 1276 [egg-security] use methodnoallow middleware
2022-06-07 21:09:34,701 INFO 1276 [egg-security] use noopen middleware
2022-06-07 21:09:34,702 INFO 1276 [egg-security] use nosniff middleware
2022-06-07 21:09:34,702 INFO 1276 [egg-security] use xssProtection middleware
2022-06-07 21:09:34,703 INFO 1276 [egg-security] use xframe middleware
2022-06-07 21:09:34,703 INFO 1276 [egg-security] use dta middleware
2022-06-07 21:09:34,703 INFO 1276 [egg-security] compose 6 middlewares into one security middleware
2022-06-07 21:09:34,714 INFO 1276 [egg:core] dump config after load, 5ms
2022-06-07 21:09:34,752 INFO 1276 [egg-watcher:application] watcher start success
2022-06-07 21:09:34,776 INFO 1276 [egg:core] dump config after ready, 6ms
2022-06-07 21:13:58,251 INFO 1556 [egg:logger] init all loggers with options: {"dir":"D:\\webtest\\server\\logs\\server","encoding":"utf8","env":"local","level":"INFO","consoleLevel":"INFO","disableConsoleAfterReady":false,"outputJSON":false,"buffer":true,"appLogName":"server-web.log","coreLogName":"egg-web.log","agentLogName":"egg-agent.log","errorLogName":"common-error.log","coreLogger":{"consoleLevel":"WARN"},"allowDebugAtProd":false,"enablePerformanceTimer":false,"type":"application"}
2022-06-07 21:13:58,275 INFO 1556 [egg-multipart] stream mode enable
2022-06-07 21:13:58,606 INFO 1556 [egg-static] starting static serve /public/ -> D:\webtest\server\app\public
2022-06-07 21:13:58,608 INFO 1556 [egg-security] use methodnoallow middleware
2022-06-07 21:13:58,609 INFO 1556 [egg-security] use noopen middleware
2022-06-07 21:13:58,610 INFO 1556 [egg-security] use nosniff middleware
2022-06-07 21:13:58,610 INFO 1556 [egg-security] use xssProtection middleware
2022-06-07 21:13:58,610 INFO 1556 [egg-security] use xframe middleware
2022-06-07 21:13:58,611 INFO 1556 [egg-security] use dta middleware
2022-06-07 21:13:58,611 INFO 1556 [egg-security] compose 6 middlewares into one security middleware
2022-06-07 21:13:58,620 INFO 1556 [egg:core] dump config after load, 4ms
2022-06-07 21:13:58,661 INFO 1556 [egg-watcher:application] watcher start success
2022-06-07 21:13:58,682 INFO 1556 [egg:core] dump config after ready, 5ms
2022-06-08 20:46:39,203 INFO 17212 [egg:logger] init all loggers with options: {"dir":"D:\\webtest\\server\\logs\\server","encoding":"utf8","env":"local","level":"INFO","consoleLevel":"INFO","disableConsoleAfterReady":false,"outputJSON":false,"buffer":true,"appLogName":"server-web.log","coreLogName":"egg-web.log","agentLogName":"egg-agent.log","errorLogName":"common-error.log","coreLogger":{"consoleLevel":"WARN"},"allowDebugAtProd":false,"enablePerformanceTimer":false,"type":"application"}
2022-06-08 20:46:39,233 INFO 17212 [egg-multipart] stream mode enable
2022-06-08 20:46:39,626 INFO 17212 [egg-static] starting static serve /public/ -> D:\webtest\server\app\public
2022-06-08 20:46:39,628 INFO 17212 [egg-security] use methodnoallow middleware
2022-06-08 20:46:39,628 INFO 17212 [egg-security] use noopen middleware
2022-06-08 20:46:39,629 INFO 17212 [egg-security] use nosniff middleware
2022-06-08 20:46:39,630 INFO 17212 [egg-security] use xssProtection middleware
2022-06-08 20:46:39,630 INFO 17212 [egg-security] use xframe middleware
2022-06-08 20:46:39,631 INFO 17212 [egg-security] use dta middleware
2022-06-08 20:46:39,631 INFO 17212 [egg-security] compose 6 middlewares into one security middleware
2022-06-08 20:46:39,642 INFO 17212 [egg:core] dump config after load, 4ms
2022-06-08 20:46:39,693 INFO 17212 [egg-watcher:application] watcher start success
2022-06-08 20:46:39,717 INFO 17212 [egg:core] dump config after ready, 7ms
2022-06-08 20:49:51,192 INFO 5188 [egg:logger] init all loggers with options: {"dir":"D:\\webtest\\server\\logs\\server","encoding":"utf8","env":"local","level":"INFO","consoleLevel":"INFO","disableConsoleAfterReady":false,"outputJSON":false,"buffer":true,"appLogName":"server-web.log","coreLogName":"egg-web.log","agentLogName":"egg-agent.log","errorLogName":"common-error.log","coreLogger":{"consoleLevel":"WARN"},"allowDebugAtProd":false,"enablePerformanceTimer":false,"type":"application"}
2022-06-08 20:49:51,220 INFO 5188 [egg-multipart] stream mode enable
2022-06-08 20:49:51,621 INFO 5188 [egg-static] starting static serve /public/ -> D:\webtest\server\app\public
2022-06-08 20:49:51,623 INFO 5188 [egg-security] use methodnoallow middleware
2022-06-08 20:49:51,623 INFO 5188 [egg-security] use noopen middleware
2022-06-08 20:49:51,624 INFO 5188 [egg-security] use nosniff middleware
2022-06-08 20:49:51,625 INFO 5188 [egg-security] use xssProtection middleware
2022-06-08 20:49:51,625 INFO 5188 [egg-security] use xframe middleware
2022-06-08 20:49:51,626 INFO 5188 [egg-security] use dta middleware
2022-06-08 20:49:51,626 INFO 5188 [egg-security] compose 6 middlewares into one security middleware
2022-06-08 20:49:51,638 INFO 5188 [egg:core] dump config after load, 5ms
2022-06-08 20:49:51,682 INFO 5188 [egg-watcher:application] watcher start success
2022-06-08 20:49:51,708 INFO 5188 [egg:core] dump config after ready, 7ms
2022-06-08 20:52:16,994 INFO 13944 [egg:logger] init all loggers with options: {"dir":"D:\\webtest\\server\\logs\\server","encoding":"utf8","env":"local","level":"INFO","consoleLevel":"INFO","disableConsoleAfterReady":false,"outputJSON":false,"buffer":true,"appLogName":"server-web.log","coreLogName":"egg-web.log","agentLogName":"egg-agent.log","errorLogName":"common-error.log","coreLogger":{"consoleLevel":"WARN"},"allowDebugAtProd":false,"enablePerformanceTimer":false,"type":"application"}
2022-06-08 20:52:17,021 INFO 13944 [egg-multipart] stream mode enable
2022-06-08 20:52:17,363 INFO 13944 [egg-static] starting static serve /public/ -> D:\webtest\server\app\public
2022-06-08 20:52:17,365 INFO 13944 [egg-security] use methodnoallow middleware
2022-06-08 20:52:17,366 INFO 13944 [egg-security] use noopen middleware
2022-06-08 20:52:17,367 INFO 13944 [egg-security] use nosniff middleware
2022-06-08 20:52:17,367 INFO 13944 [egg-security] use xssProtection middleware
2022-06-08 20:52:17,368 INFO 13944 [egg-security] use xframe middleware
2022-06-08 20:52:17,368 INFO 13944 [egg-security] use dta middleware
2022-06-08 20:52:17,368 INFO 13944 [egg-security] compose 6 middlewares into one security middleware
2022-06-08 20:52:17,379 INFO 13944 [egg:core] dump config after load, 5ms
2022-06-08 20:52:17,423 INFO 13944 [egg-watcher:application] watcher start success
2022-06-08 20:52:17,447 INFO 13944 [egg:core] dump config after ready, 6ms
2022-06-08 20:54:34,069 INFO 12848 [egg:logger] init all loggers with options: {"dir":"D:\\webtest\\server\\logs\\server","encoding":"utf8","env":"local","level":"INFO","consoleLevel":"INFO","disableConsoleAfterReady":false,"outputJSON":false,"buffer":true,"appLogName":"server-web.log","coreLogName":"egg-web.log","agentLogName":"egg-agent.log","errorLogName":"common-error.log","coreLogger":{"consoleLevel":"WARN"},"allowDebugAtProd":false,"enablePerformanceTimer":false,"type":"application"}
2022-06-08 20:54:34,093 INFO 12848 [egg-multipart] stream mode enable
2022-06-08 20:54:34,428 INFO 12848 [egg-static] starting static serve /public/ -> D:\webtest\server\app\public
2022-06-08 20:54:34,430 INFO 12848 [egg-security] use methodnoallow middleware
2022-06-08 20:54:34,431 INFO 12848 [egg-security] use noopen middleware
2022-06-08 20:54:34,432 INFO 12848 [egg-security] use nosniff middleware
2022-06-08 20:54:34,432 INFO 12848 [egg-security] use xssProtection middleware
2022-06-08 20:54:34,432 INFO 12848 [egg-security] use xframe middleware
2022-06-08 20:54:34,433 INFO 12848 [egg-security] use dta middleware
2022-06-08 20:54:34,433 INFO 12848 [egg-security] compose 6 middlewares into one security middleware
2022-06-08 20:54:34,443 INFO 12848 [egg:core] dump config after load, 5ms
2022-06-08 20:54:34,472 INFO 12848 [egg-watcher:application] watcher start success
2022-06-08 20:54:34,508 INFO 12848 [egg:core] dump config after ready, 6ms
2022-06-08 20:55:18,100 INFO 8916 [egg:logger] init all loggers with options: {"dir":"D:\\webtest\\server\\logs\\server","encoding":"utf8","env":"local","level":"INFO","consoleLevel":"INFO","disableConsoleAfterReady":false,"outputJSON":false,"buffer":true,"appLogName":"server-web.log","coreLogName":"egg-web.log","agentLogName":"egg-agent.log","errorLogName":"common-error.log","coreLogger":{"consoleLevel":"WARN"},"allowDebugAtProd":false,"enablePerformanceTimer":false,"type":"application"}
2022-06-08 20:55:18,124 INFO 8916 [egg-multipart] stream mode enable
2022-06-08 20:55:18,449 INFO 8916 [egg-static] starting static serve /public/ -> D:\webtest\server\app\public
2022-06-08 20:55:18,451 INFO 8916 [egg-security] use methodnoallow middleware
2022-06-08 20:55:18,452 INFO 8916 [egg-security] use noopen middleware
2022-06-08 20:55:18,452 INFO 8916 [egg-security] use nosniff middleware
2022-06-08 20:55:18,453 INFO 8916 [egg-security] use xssProtection middleware
2022-06-08 20:55:18,453 INFO 8916 [egg-security] use xframe middleware
2022-06-08 20:55:18,454 INFO 8916 [egg-security] use dta middleware
2022-06-08 20:55:18,454 INFO 8916 [egg-security] compose 6 middlewares into one security middleware
2022-06-08 20:55:18,463 INFO 8916 [egg:core] dump config after load, 4ms
2022-06-08 20:55:18,491 INFO 8916 [egg-watcher:application] watcher start success
2022-06-08 20:55:18,523 INFO 8916 [egg:core] dump config after ready, 5ms
2022-06-08 20:55:37,757 INFO 11132 [egg:logger] init all loggers with options: {"dir":"D:\\webtest\\server\\logs\\server","encoding":"utf8","env":"local","level":"INFO","consoleLevel":"INFO","disableConsoleAfterReady":false,"outputJSON":false,"buffer":true,"appLogName":"server-web.log","coreLogName":"egg-web.log","agentLogName":"egg-agent.log","errorLogName":"common-error.log","coreLogger":{"consoleLevel":"WARN"},"allowDebugAtProd":false,"enablePerformanceTimer":false,"type":"application"}
2022-06-08 20:55:37,781 INFO 11132 [egg-multipart] stream mode enable
2022-06-08 20:55:38,147 INFO 11132 [egg-static] starting static serve /public/ -> D:\webtest\server\app\public
2022-06-08 20:55:38,149 INFO 11132 [egg-security] use methodnoallow middleware
2022-06-08 20:55:38,150 INFO 11132 [egg-security] use noopen middleware
2022-06-08 20:55:38,151 INFO 11132 [egg-security] use nosniff middleware
2022-06-08 20:55:38,151 INFO 11132 [egg-security] use xssProtection middleware
2022-06-08 20:55:38,151 INFO 11132 [egg-security] use xframe middleware
2022-06-08 20:55:38,152 INFO 11132 [egg-security] use dta middleware
2022-06-08 20:55:38,152 INFO 11132 [egg-security] compose 6 middlewares into one security middleware
2022-06-08 20:55:38,161 INFO 11132 [egg:core] dump config after load, 4ms
2022-06-08 20:55:38,199 INFO 11132 [egg-watcher:application] watcher start success
2022-06-08 20:55:38,223 INFO 11132 [egg:core] dump config after ready, 6ms
2022-06-08 20:57:59,396 INFO 4856 [egg:logger] init all loggers with options: {"dir":"D:\\webtest\\server\\logs\\server","encoding":"utf8","env":"local","level":"INFO","consoleLevel":"INFO","disableConsoleAfterReady":false,"outputJSON":false,"buffer":true,"appLogName":"server-web.log","coreLogName":"egg-web.log","agentLogName":"egg-agent.log","errorLogName":"common-error.log","coreLogger":{"consoleLevel":"WARN"},"allowDebugAtProd":false,"enablePerformanceTimer":false,"type":"application"}
2022-06-08 20:57:59,420 INFO 4856 [egg-multipart] stream mode enable
2022-06-08 20:57:59,754 INFO 4856 [egg-static] starting static serve /public/ -> D:\webtest\server\app\public
2022-06-08 20:57:59,756 INFO 4856 [egg-security] use methodnoallow middleware
2022-06-08 20:57:59,757 INFO 4856 [egg-security] use noopen middleware
2022-06-08 20:57:59,757 INFO 4856 [egg-security] use nosniff middleware
2022-06-08 20:57:59,758 INFO 4856 [egg-security] use xssProtection middleware
2022-06-08 20:57:59,758 INFO 4856 [egg-security] use xframe middleware
2022-06-08 20:57:59,759 INFO 4856 [egg-security] use dta middleware
2022-06-08 20:57:59,759 INFO 4856 [egg-security] compose 6 middlewares into one security middleware
2022-06-08 20:57:59,768 INFO 4856 [egg:core] dump config after load, 4ms
2022-06-08 20:57:59,807 INFO 4856 [egg-watcher:application] watcher start success
2022-06-08 20:57:59,828 INFO 4856 [egg:core] dump config after ready, 5ms
2022-06-08 20:59:50,717 INFO 18388 [egg:logger] init all loggers with options: {"dir":"D:\\webtest\\server\\logs\\server","encoding":"utf8","env":"local","level":"INFO","consoleLevel":"INFO","disableConsoleAfterReady":false,"outputJSON":false,"buffer":true,"appLogName":"server-web.log","coreLogName":"egg-web.log","agentLogName":"egg-agent.log","errorLogName":"common-error.log","coreLogger":{"consoleLevel":"WARN"},"allowDebugAtProd":false,"enablePerformanceTimer":false,"type":"application"}
2022-06-08 20:59:50,742 INFO 18388 [egg-multipart] stream mode enable
2022-06-08 20:59:51,094 INFO 18388 [egg-static] starting static serve /public/ -> D:\webtest\server\app\public
2022-06-08 20:59:51,096 INFO 18388 [egg-security] use methodnoallow middleware
2022-06-08 20:59:51,097 INFO 18388 [egg-security] use noopen middleware
2022-06-08 20:59:51,098 INFO 18388 [egg-security] use nosniff middleware
2022-06-08 20:59:51,099 INFO 18388 [egg-security] use xssProtection middleware
2022-06-08 20:59:51,099 INFO 18388 [egg-security] use xframe middleware
2022-06-08 20:59:51,099 INFO 18388 [egg-security] use dta middleware
2022-06-08 20:59:51,100 INFO 18388 [egg-security] compose 6 middlewares into one security middleware
2022-06-08 20:59:51,109 INFO 18388 [egg:core] dump config after load, 5ms
2022-06-08 20:59:51,148 INFO 18388 [egg-watcher:application] watcher start success
2022-06-08 20:59:51,170 INFO 18388 [egg:core] dump config after ready, 5ms
2022-06-08 21:01:48,728 INFO 8344 [egg:logger] init all loggers with options: {"dir":"D:\\webtest\\server\\logs\\server","encoding":"utf8","env":"local","level":"INFO","consoleLevel":"INFO","disableConsoleAfterReady":false,"outputJSON":false,"buffer":true,"appLogName":"server-web.log","coreLogName":"egg-web.log","agentLogName":"egg-agent.log","errorLogName":"common-error.log","coreLogger":{"consoleLevel":"WARN"},"allowDebugAtProd":false,"enablePerformanceTimer":false,"type":"application"}
2022-06-08 21:01:48,752 INFO 8344 [egg-multipart] stream mode enable
2022-06-08 21:01:49,096 INFO 8344 [egg-static] starting static serve /public/ -> D:\webtest\server\app\public
2022-06-08 21:01:49,097 INFO 8344 [egg-security] use methodnoallow middleware
2022-06-08 21:01:49,098 INFO 8344 [egg-security] use noopen middleware
2022-06-08 21:01:49,099 INFO 8344 [egg-security] use nosniff middleware
2022-06-08 21:01:49,099 INFO 8344 [egg-security] use xssProtection middleware
2022-06-08 21:01:49,100 INFO 8344 [egg-security] use xframe middleware
2022-06-08 21:01:49,100 INFO 8344 [egg-security] use dta middleware
2022-06-08 21:01:49,100 INFO 8344 [egg-security] compose 6 middlewares into one security middleware
2022-06-08 21:01:49,109 INFO 8344 [egg:core] dump config after load, 4ms
2022-06-08 21:01:49,147 INFO 8344 [egg-watcher:application] watcher start success
2022-06-08 21:01:49,170 INFO 8344 [egg:core] dump config after ready, 5ms
2022-06-08 21:01:58,250 INFO 4860 [egg:logger] init all loggers with options: {"dir":"D:\\webtest\\server\\logs\\server","encoding":"utf8","env":"local","level":"INFO","consoleLevel":"INFO","disableConsoleAfterReady":false,"outputJSON":false,"buffer":true,"appLogName":"server-web.log","coreLogName":"egg-web.log","agentLogName":"egg-agent.log","errorLogName":"common-error.log","coreLogger":{"consoleLevel":"WARN"},"allowDebugAtProd":false,"enablePerformanceTimer":false,"type":"application"}
2022-06-08 21:01:58,276 INFO 4860 [egg-multipart] stream mode enable
2022-06-08 21:01:58,620 INFO 4860 [egg-static] starting static serve /public/ -> D:\webtest\server\app\public
2022-06-08 21:01:58,622 INFO 4860 [egg-security] use methodnoallow middleware
2022-06-08 21:01:58,622 INFO 4860 [egg-security] use noopen middleware
2022-06-08 21:01:58,623 INFO 4860 [egg-security] use nosniff middleware
2022-06-08 21:01:58,624 INFO 4860 [egg-security] use xssProtection middleware
2022-06-08 21:01:58,624 INFO 4860 [egg-security] use xframe middleware
2022-06-08 21:01:58,625 INFO 4860 [egg-security] use dta middleware
2022-06-08 21:01:58,625 INFO 4860 [egg-security] compose 6 middlewares into one security middleware
2022-06-08 21:01:58,635 INFO 4860 [egg:core] dump config after load, 4ms
2022-06-08 21:01:58,674 INFO 4860 [egg-watcher:application] watcher start success
2022-06-08 21:01:58,697 INFO 4860 [egg:core] dump config after ready, 6ms
2022-06-08 21:02:49,787 INFO 15000 [egg:logger] init all loggers with options: {"dir":"D:\\webtest\\server\\logs\\server","encoding":"utf8","env":"local","level":"INFO","consoleLevel":"INFO","disableConsoleAfterReady":false,"outputJSON":false,"buffer":true,"appLogName":"server-web.log","coreLogName":"egg-web.log","agentLogName":"egg-agent.log","errorLogName":"common-error.log","coreLogger":{"consoleLevel":"WARN"},"allowDebugAtProd":false,"enablePerformanceTimer":false,"type":"application"}
2022-06-08 21:02:49,811 INFO 15000 [egg-multipart] stream mode enable
2022-06-08 21:02:50,154 INFO 15000 [egg-static] starting static serve /public/ -> D:\webtest\server\app\public
2022-06-08 21:02:50,156 INFO 15000 [egg-security] use methodnoallow middleware
2022-06-08 21:02:50,156 INFO 15000 [egg-security] use noopen middleware
2022-06-08 21:02:50,157 INFO 15000 [egg-security] use nosniff middleware
2022-06-08 21:02:50,157 INFO 15000 [egg-security] use xssProtection middleware
2022-06-08 21:02:50,158 INFO 15000 [egg-security] use xframe middleware
2022-06-08 21:02:50,158 INFO 15000 [egg-security] use dta middleware
2022-06-08 21:02:50,158 INFO 15000 [egg-security] compose 6 middlewares into one security middleware
2022-06-08 21:02:50,168 INFO 15000 [egg:core] dump config after load, 5ms
2022-06-08 21:02:50,206 INFO 15000 [egg-watcher:application] watcher start success
2022-06-08 21:02:50,229 INFO 15000 [egg:core] dump config after ready, 5ms
2022-06-08 21:03:31,649 INFO 4908 [egg:logger] init all loggers with options: {"dir":"D:\\webtest\\server\\logs\\server","encoding":"utf8","env":"local","level":"INFO","consoleLevel":"INFO","disableConsoleAfterReady":false,"outputJSON":false,"buffer":true,"appLogName":"server-web.log","coreLogName":"egg-web.log","agentLogName":"egg-agent.log","errorLogName":"common-error.log","coreLogger":{"consoleLevel":"WARN"},"allowDebugAtProd":false,"enablePerformanceTimer":false,"type":"application"}
2022-06-08 21:03:31,674 INFO 4908 [egg-multipart] stream mode enable
2022-06-08 21:03:32,052 INFO 4908 [egg-static] starting static serve /public/ -> D:\webtest\server\app\public
2022-06-08 21:03:32,054 INFO 4908 [egg-security] use methodnoallow middleware
2022-06-08 21:03:32,054 INFO 4908 [egg-security] use noopen middleware
2022-06-08 21:03:32,055 INFO 4908 [egg-security] use nosniff middleware
2022-06-08 21:03:32,055 INFO 4908 [egg-security] use xssProtection middleware
2022-06-08 21:03:32,056 INFO 4908 [egg-security] use xframe middleware
2022-06-08 21:03:32,056 INFO 4908 [egg-security] use dta middleware
2022-06-08 21:03:32,056 INFO 4908 [egg-security] compose 6 middlewares into one security middleware
2022-06-08 21:03:32,066 INFO 4908 [egg:core] dump config after load, 5ms
2022-06-08 21:03:32,104 INFO 4908 [egg-watcher:application] watcher start success
2022-06-08 21:03:32,127 INFO 4908 [egg:core] dump config after ready, 5ms
2022-06-08 21:05:10,707 INFO 10968 [egg:logger] init all loggers with options: {"dir":"D:\\webtest\\server\\logs\\server","encoding":"utf8","env":"local","level":"INFO","consoleLevel":"INFO","disableConsoleAfterReady":false,"outputJSON":false,"buffer":true,"appLogName":"server-web.log","coreLogName":"egg-web.log","agentLogName":"egg-agent.log","errorLogName":"common-error.log","coreLogger":{"consoleLevel":"WARN"},"allowDebugAtProd":false,"enablePerformanceTimer":false,"type":"application"}
2022-06-08 21:05:10,731 INFO 10968 [egg-multipart] stream mode enable
2022-06-08 21:05:11,064 INFO 10968 [egg-static] starting static serve /public/ -> D:\webtest\server\app\public
2022-06-08 21:05:11,066 INFO 10968 [egg-security] use methodnoallow middleware
2022-06-08 21:05:11,066 INFO 10968 [egg-security] use noopen middleware
2022-06-08 21:05:11,067 INFO 10968 [egg-security] use nosniff middleware
2022-06-08 21:05:11,067 INFO 10968 [egg-security] use xssProtection middleware
2022-06-08 21:05:11,068 INFO 10968 [egg-security] use xframe middleware
2022-06-08 21:05:11,068 INFO 10968 [egg-security] use dta middleware
2022-06-08 21:05:11,068 INFO 10968 [egg-security] compose 6 middlewares into one security middleware
2022-06-08 21:05:11,078 INFO 10968 [egg:core] dump config after load, 5ms
2022-06-08 21:05:11,118 INFO 10968 [egg-watcher:application] watcher start success
2022-06-08 21:05:11,143 INFO 10968 [egg:core] dump config after ready, 7ms
2022-06-08 22:08:34,266 INFO 15304 [egg:logger] init all loggers with options: {"dir":"D:\\webtest\\server\\logs\\server","encoding":"utf8","env":"local","level":"INFO","consoleLevel":"INFO","disableConsoleAfterReady":false,"outputJSON":false,"buffer":true,"appLogName":"server-web.log","coreLogName":"egg-web.log","agentLogName":"egg-agent.log","errorLogName":"common-error.log","coreLogger":{"consoleLevel":"WARN"},"allowDebugAtProd":false,"enablePerformanceTimer":false,"type":"application"}
2022-06-08 22:08:34,289 INFO 15304 [egg-multipart] stream mode enable
2022-06-08 22:08:34,618 INFO 15304 [egg-static] starting static serve /public/ -> D:\webtest\server\app\public
2022-06-08 22:08:34,620 INFO 15304 [egg-security] use methodnoallow middleware
2022-06-08 22:08:34,620 INFO 15304 [egg-security] use noopen middleware
2022-06-08 22:08:34,621 INFO 15304 [egg-security] use nosniff middleware
2022-06-08 22:08:34,621 INFO 15304 [egg-security] use xssProtection middleware
2022-06-08 22:08:34,622 INFO 15304 [egg-security] use xframe middleware
2022-06-08 22:08:34,622 INFO 15304 [egg-security] use dta middleware
2022-06-08 22:08:34,622 INFO 15304 [egg-security] compose 6 middlewares into one security middleware
2022-06-08 22:08:34,632 INFO 15304 [egg:core] dump config after load, 5ms
2022-06-08 22:08:34,670 INFO 15304 [egg-watcher:application] watcher start success
2022-06-08 22:08:34,691 INFO 15304 [egg:core] dump config after ready, 5ms
2022-06-08 22:10:43,881 INFO 4300 [egg:logger] init all loggers with options: {"dir":"D:\\webtest\\server\\logs\\server","encoding":"utf8","env":"local","level":"INFO","consoleLevel":"INFO","disableConsoleAfterReady":false,"outputJSON":false,"buffer":true,"appLogName":"server-web.log","coreLogName":"egg-web.log","agentLogName":"egg-agent.log","errorLogName":"common-error.log","coreLogger":{"consoleLevel":"WARN"},"allowDebugAtProd":false,"enablePerformanceTimer":false,"type":"application"}
2022-06-08 22:10:43,915 INFO 4300 [egg-multipart] stream mode enable
2022-06-08 22:10:44,281 INFO 4300 [egg-static] starting static serve / -> D:\webtest\server\app\public
2022-06-08 22:10:44,283 INFO 4300 [egg-security] use methodnoallow middleware
2022-06-08 22:10:44,284 INFO 4300 [egg-security] use noopen middleware
2022-06-08 22:10:44,285 INFO 4300 [egg-security] use nosniff middleware
2022-06-08 22:10:44,285 INFO 4300 [egg-security] use xssProtection middleware
2022-06-08 22:10:44,285 INFO 4300 [egg-security] use xframe middleware
2022-06-08 22:10:44,286 INFO 4300 [egg-security] use dta middleware
2022-06-08 22:10:44,286 INFO 4300 [egg-security] compose 6 middlewares into one security middleware
2022-06-08 22:10:44,296 INFO 4300 [egg:core] dump config after load, 5ms
2022-06-08 22:10:44,334 INFO 4300 [egg-watcher:application] watcher start success
2022-06-08 22:10:44,356 INFO 4300 [egg:core] dump config after ready, 5ms
2022-06-08 22:11:28,200 INFO 12100 [egg:logger] init all loggers with options: {"dir":"D:\\webtest\\server\\logs\\server","encoding":"utf8","env":"local","level":"INFO","consoleLevel":"INFO","disableConsoleAfterReady":false,"outputJSON":false,"buffer":true,"appLogName":"server-web.log","coreLogName":"egg-web.log","agentLogName":"egg-agent.log","errorLogName":"common-error.log","coreLogger":{"consoleLevel":"WARN"},"allowDebugAtProd":false,"enablePerformanceTimer":false,"type":"application"}
2022-06-08 22:11:28,223 INFO 12100 [egg-multipart] stream mode enable
2022-06-08 22:11:28,598 INFO 12100 [egg-static] starting static serve / -> D:\webtest\server\app\public
2022-06-08 22:11:28,600 INFO 12100 [egg-security] use methodnoallow middleware
2022-06-08 22:11:28,601 INFO 12100 [egg-security] use noopen middleware
2022-06-08 22:11:28,602 INFO 12100 [egg-security] use nosniff middleware
2022-06-08 22:11:28,602 INFO 12100 [egg-security] use xssProtection middleware
2022-06-08 22:11:28,603 INFO 12100 [egg-security] use xframe middleware
2022-06-08 22:11:28,604 INFO 12100 [egg-security] use dta middleware
2022-06-08 22:11:28,604 INFO 12100 [egg-security] compose 6 middlewares into one security middleware
2022-06-08 22:11:28,614 INFO 12100 [egg:core] dump config after load, 4ms
2022-06-08 22:11:28,661 INFO 12100 [egg-watcher:application] watcher start success
2022-06-08 22:11:28,682 INFO 12100 [egg:core] dump config after ready, 5ms
