2022-06-07 19:07:39,832 INFO 4120 [egg-sequelize](1ms) Executed (default): SELECT 1+1 AS result
2022-06-07 19:14:07,719 INFO 9464 [egg-sequelize](1ms) Executed (default): SELECT 1+1 AS result
2022-06-07 19:18:59,326 INFO 14656 [egg-sequelize](1ms) Executed (default): SELECT 1+1 AS result
2022-06-07 20:56:22,830 INFO 12644 [egg-sequelize](1ms) Executed (default): SELECT 1+1 AS result
2022-06-07 20:56:22,832 INFO 12644 [egg-sequelize](2ms) Executed (default): SELECT TABLE_NAME FROM INFORMATION_SCHEMA.TABLES WHERE TABLE_TYPE = 'BASE TABLE' AND TABLE_NAME = 'hellos' AND TABLE_SCHEMA = 'helloworld'
2022-06-07 20:56:22,846 INFO 12644 [egg-sequelize](12ms) Executed (default): CREATE TABLE IF NOT EXISTS `hellos` (`id` INTEGER NOT NULL auto_increment , `msg` VARCHAR(255), `created_at` DATETIME NOT NULL, `updated_at` DATETIME NOT NULL, PRIMARY KEY (`id`)) ENGINE=InnoDB;
2022-06-07 20:56:22,850 INFO 12644 [egg-sequelize](3ms) Executed (default): SHOW INDEX FROM `hellos` FROM `helloworld`
2022-06-07 20:59:51,390 INFO 14268 [egg-sequelize](1ms) Executed (default): SELECT 1+1 AS result
2022-06-07 20:59:51,392 INFO 14268 [egg-sequelize](2ms) Executed (default): SELECT TABLE_NAME FROM INFORMATION_SCHEMA.TABLES WHERE TABLE_TYPE = 'BASE TABLE' AND TABLE_NAME = 'hellos' AND TABLE_SCHEMA = 'helloworld'
2022-06-07 20:59:51,396 INFO 14268 [egg-sequelize](2ms) Executed (default): SHOW INDEX FROM `hellos` FROM `helloworld`
2022-06-07 21:00:13,063 INFO 7196 [egg-sequelize](1ms) Executed (default): SELECT 1+1 AS result
2022-06-07 21:00:13,065 INFO 7196 [egg-sequelize](3ms) Executed (default): SELECT TABLE_NAME FROM INFORMATION_SCHEMA.TABLES WHERE TABLE_TYPE = 'BASE TABLE' AND TABLE_NAME = 'hellos' AND TABLE_SCHEMA = 'helloworld'
2022-06-07 21:00:13,068 INFO 7196 [egg-sequelize](2ms) Executed (default): SHOW INDEX FROM `hellos` FROM `helloworld`
2022-06-07 21:06:25,790 INFO 7268 [egg-sequelize](1ms) Executed (default): SELECT 1+1 AS result
2022-06-07 21:06:25,791 INFO 7268 [egg-sequelize](2ms) Executed (default): SELECT TABLE_NAME FROM INFORMATION_SCHEMA.TABLES WHERE TABLE_TYPE = 'BASE TABLE' AND TABLE_NAME = 'hellos' AND TABLE_SCHEMA = 'helloworld'
2022-06-07 21:06:25,795 INFO 7268 [egg-sequelize](2ms) Executed (default): SHOW INDEX FROM `hellos` FROM `helloworld`
2022-06-07 21:07:00,326 INFO 17736 [egg-sequelize](1ms) Executed (default): SELECT 1+1 AS result
2022-06-07 21:07:00,328 INFO 17736 [egg-sequelize](3ms) Executed (default): SELECT TABLE_NAME FROM INFORMATION_SCHEMA.TABLES WHERE TABLE_TYPE = 'BASE TABLE' AND TABLE_NAME = 'hellos' AND TABLE_SCHEMA = 'helloworld'
2022-06-07 21:07:00,332 INFO 17736 [egg-sequelize](2ms) Executed (default): SHOW INDEX FROM `hellos` FROM `helloworld`
2022-06-07 21:07:54,545 INFO 13568 [egg-sequelize](1ms) Executed (default): SELECT 1+1 AS result
2022-06-07 21:07:54,548 INFO 13568 [egg-sequelize](1ms) Executed (default): SELECT TABLE_NAME FROM INFORMATION_SCHEMA.TABLES WHERE TABLE_TYPE = 'BASE TABLE' AND TABLE_NAME = 'hellos' AND TABLE_SCHEMA = 'helloworld'
2022-06-07 21:07:54,552 INFO 13568 [egg-sequelize](3ms) Executed (default): SHOW INDEX FROM `hellos` FROM `helloworld`
2022-06-07 21:08:30,653 INFO 4100 [egg-sequelize](1ms) Executed (default): SELECT 1+1 AS result
2022-06-07 21:08:30,654 INFO 4100 [egg-sequelize](2ms) Executed (default): SELECT TABLE_NAME FROM INFORMATION_SCHEMA.TABLES WHERE TABLE_TYPE = 'BASE TABLE' AND TABLE_NAME = 'hellos' AND TABLE_SCHEMA = 'helloworld'
2022-06-07 21:08:30,659 INFO 4100 [egg-sequelize](3ms) Executed (default): SHOW INDEX FROM `hellos` FROM `helloworld`
2022-06-07 21:08:44,387 INFO 3544 [egg-sequelize](1ms) Executed (default): SELECT 1+1 AS result
2022-06-07 21:08:44,388 INFO 3544 [egg-sequelize](2ms) Executed (default): SELECT TABLE_NAME FROM INFORMATION_SCHEMA.TABLES WHERE TABLE_TYPE = 'BASE TABLE' AND TABLE_NAME = 'hellos' AND TABLE_SCHEMA = 'helloworld'
2022-06-07 21:08:44,391 INFO 3544 [egg-sequelize](1ms) Executed (default): SHOW INDEX FROM `hellos` FROM `helloworld`
2022-06-07 21:08:52,568 INFO 12476 [egg-sequelize](1ms) Executed (default): SELECT 1+1 AS result
2022-06-07 21:08:52,570 INFO 12476 [egg-sequelize](3ms) Executed (default): SELECT TABLE_NAME FROM INFORMATION_SCHEMA.TABLES WHERE TABLE_TYPE = 'BASE TABLE' AND TABLE_NAME = 'hellos' AND TABLE_SCHEMA = 'helloworld'
2022-06-07 21:08:52,573 INFO 12476 [egg-sequelize](2ms) Executed (default): SHOW INDEX FROM `hellos` FROM `helloworld`
2022-06-07 21:09:34,762 INFO 1276 [egg-sequelize](1ms) Executed (default): SELECT 1+1 AS result
2022-06-07 21:09:34,764 INFO 1276 [egg-sequelize](2ms) Executed (default): SELECT TABLE_NAME FROM INFORMATION_SCHEMA.TABLES WHERE TABLE_TYPE = 'BASE TABLE' AND TABLE_NAME = 'hellos' AND TABLE_SCHEMA = 'helloworld'
2022-06-07 21:09:34,768 INFO 1276 [egg-sequelize](3ms) Executed (default): SHOW INDEX FROM `hellos` FROM `helloworld`
2022-06-07 21:13:58,671 INFO 1556 [egg-sequelize](2ms) Executed (default): SELECT 1+1 AS result
2022-06-07 21:13:58,672 INFO 1556 [egg-sequelize](2ms) Executed (default): SELECT TABLE_NAME FROM INFORMATION_SCHEMA.TABLES WHERE TABLE_TYPE = 'BASE TABLE' AND TABLE_NAME = 'hellos' AND TABLE_SCHEMA = 'helloworld'
2022-06-07 21:13:58,675 INFO 1556 [egg-sequelize](2ms) Executed (default): SHOW INDEX FROM `hellos` FROM `helloworld`
2022-06-07 21:16:55,971 INFO 1556 [egg-sequelize](1ms) Executed (default): SELECT `id`, `msg`, `created_at` AS `createdAt`, `updated_at` AS `updatedAt` FROM `hellos` AS `hello`;
2022-06-07 21:17:17,577 INFO 1556 [egg-sequelize](0ms) Executed (default): SELECT `id`, `msg`, `created_at` AS `createdAt`, `updated_at` AS `updatedAt` FROM `hellos` AS `hello`;
2022-06-08 20:46:39,703 INFO 17212 [egg-sequelize](1ms) Executed (default): SELECT 1+1 AS result
2022-06-08 20:46:39,705 INFO 17212 [egg-sequelize](2ms) Executed (default): SELECT TABLE_NAME FROM INFORMATION_SCHEMA.TABLES WHERE TABLE_TYPE = 'BASE TABLE' AND TABLE_NAME = 'hellos' AND TABLE_SCHEMA = 'helloworld'
2022-06-08 20:46:39,708 INFO 17212 [egg-sequelize](2ms) Executed (default): SHOW INDEX FROM `hellos` FROM `helloworld`
2022-06-08 20:49:51,693 INFO 5188 [egg-sequelize](1ms) Executed (default): SELECT 1+1 AS result
2022-06-08 20:49:51,695 INFO 5188 [egg-sequelize](3ms) Executed (default): SELECT TABLE_NAME FROM INFORMATION_SCHEMA.TABLES WHERE TABLE_TYPE = 'BASE TABLE' AND TABLE_NAME = 'hellos' AND TABLE_SCHEMA = 'helloworld'
2022-06-08 20:49:51,699 INFO 5188 [egg-sequelize](1ms) Executed (default): SHOW INDEX FROM `hellos` FROM `helloworld`
2022-06-08 20:52:17,433 INFO 13944 [egg-sequelize](1ms) Executed (default): SELECT 1+1 AS result
2022-06-08 20:52:17,435 INFO 13944 [egg-sequelize](3ms) Executed (default): SELECT TABLE_NAME FROM INFORMATION_SCHEMA.TABLES WHERE TABLE_TYPE = 'BASE TABLE' AND TABLE_NAME = 'hellos' AND TABLE_SCHEMA = 'helloworld'
2022-06-08 20:52:17,438 INFO 13944 [egg-sequelize](2ms) Executed (default): SHOW INDEX FROM `hellos` FROM `helloworld`
2022-06-08 20:54:34,494 INFO 12848 [egg-sequelize](2ms) Executed (default): SELECT 1+1 AS result
2022-06-08 20:54:34,496 INFO 12848 [egg-sequelize](3ms) Executed (default): SELECT TABLE_NAME FROM INFORMATION_SCHEMA.TABLES WHERE TABLE_TYPE = 'BASE TABLE' AND TABLE_NAME = 'hellos' AND TABLE_SCHEMA = 'helloworld'
2022-06-08 20:54:34,500 INFO 12848 [egg-sequelize](3ms) Executed (default): SHOW INDEX FROM `hellos` FROM `helloworld`
2022-06-08 20:55:18,511 INFO 8916 [egg-sequelize](1ms) Executed (default): SELECT 1+1 AS result
2022-06-08 20:55:18,513 INFO 8916 [egg-sequelize](2ms) Executed (default): SELECT TABLE_NAME FROM INFORMATION_SCHEMA.TABLES WHERE TABLE_TYPE = 'BASE TABLE' AND TABLE_NAME = 'hellos' AND TABLE_SCHEMA = 'helloworld'
2022-06-08 20:55:18,516 INFO 8916 [egg-sequelize](2ms) Executed (default): SHOW INDEX FROM `hellos` FROM `helloworld`
2022-06-08 20:55:38,209 INFO 11132 [egg-sequelize](1ms) Executed (default): SELECT 1+1 AS result
2022-06-08 20:55:38,211 INFO 11132 [egg-sequelize](2ms) Executed (default): SELECT TABLE_NAME FROM INFORMATION_SCHEMA.TABLES WHERE TABLE_TYPE = 'BASE TABLE' AND TABLE_NAME = 'hellos' AND TABLE_SCHEMA = 'helloworld'
2022-06-08 20:55:38,215 INFO 11132 [egg-sequelize](1ms) Executed (default): SHOW INDEX FROM `hellos` FROM `helloworld`
2022-06-08 20:57:59,816 INFO 4856 [egg-sequelize](1ms) Executed (default): SELECT 1+1 AS result
2022-06-08 20:57:59,818 INFO 4856 [egg-sequelize](2ms) Executed (default): SELECT TABLE_NAME FROM INFORMATION_SCHEMA.TABLES WHERE TABLE_TYPE = 'BASE TABLE' AND TABLE_NAME = 'hellos' AND TABLE_SCHEMA = 'helloworld'
2022-06-08 20:57:59,821 INFO 4856 [egg-sequelize](1ms) Executed (default): SHOW INDEX FROM `hellos` FROM `helloworld`
2022-06-08 20:59:51,158 INFO 18388 [egg-sequelize](1ms) Executed (default): SELECT 1+1 AS result
2022-06-08 20:59:51,159 INFO 18388 [egg-sequelize](2ms) Executed (default): SELECT TABLE_NAME FROM INFORMATION_SCHEMA.TABLES WHERE TABLE_TYPE = 'BASE TABLE' AND TABLE_NAME = 'hellos' AND TABLE_SCHEMA = 'helloworld'
2022-06-08 20:59:51,162 INFO 18388 [egg-sequelize](2ms) Executed (default): SHOW INDEX FROM `hellos` FROM `helloworld`
2022-06-08 21:01:49,158 INFO 8344 [egg-sequelize](1ms) Executed (default): SELECT 1+1 AS result
2022-06-08 21:01:49,160 INFO 8344 [egg-sequelize](4ms) Executed (default): SELECT TABLE_NAME FROM INFORMATION_SCHEMA.TABLES WHERE TABLE_TYPE = 'BASE TABLE' AND TABLE_NAME = 'hellos' AND TABLE_SCHEMA = 'helloworld'
2022-06-08 21:01:49,163 INFO 8344 [egg-sequelize](1ms) Executed (default): SHOW INDEX FROM `hellos` FROM `helloworld`
2022-06-08 21:01:58,684 INFO 4860 [egg-sequelize](2ms) Executed (default): SELECT 1+1 AS result
2022-06-08 21:01:58,686 INFO 4860 [egg-sequelize](3ms) Executed (default): SELECT TABLE_NAME FROM INFORMATION_SCHEMA.TABLES WHERE TABLE_TYPE = 'BASE TABLE' AND TABLE_NAME = 'hellos' AND TABLE_SCHEMA = 'helloworld'
2022-06-08 21:01:58,689 INFO 4860 [egg-sequelize](2ms) Executed (default): SHOW INDEX FROM `hellos` FROM `helloworld`
2022-06-08 21:02:50,217 INFO 15000 [egg-sequelize](2ms) Executed (default): SELECT 1+1 AS result
2022-06-08 21:02:50,218 INFO 15000 [egg-sequelize](2ms) Executed (default): SELECT TABLE_NAME FROM INFORMATION_SCHEMA.TABLES WHERE TABLE_TYPE = 'BASE TABLE' AND TABLE_NAME = 'hellos' AND TABLE_SCHEMA = 'helloworld'
2022-06-08 21:02:50,222 INFO 15000 [egg-sequelize](3ms) Executed (default): SHOW INDEX FROM `hellos` FROM `helloworld`
2022-06-08 21:03:32,115 INFO 4908 [egg-sequelize](2ms) Executed (default): SELECT 1+1 AS result
2022-06-08 21:03:32,117 INFO 4908 [egg-sequelize](3ms) Executed (default): SELECT TABLE_NAME FROM INFORMATION_SCHEMA.TABLES WHERE TABLE_TYPE = 'BASE TABLE' AND TABLE_NAME = 'hellos' AND TABLE_SCHEMA = 'helloworld'
2022-06-08 21:03:32,120 INFO 4908 [egg-sequelize](2ms) Executed (default): SHOW INDEX FROM `hellos` FROM `helloworld`
2022-06-08 21:05:11,129 INFO 10968 [egg-sequelize](1ms) Executed (default): SELECT 1+1 AS result
2022-06-08 21:05:11,131 INFO 10968 [egg-sequelize](3ms) Executed (default): SELECT TABLE_NAME FROM INFORMATION_SCHEMA.TABLES WHERE TABLE_TYPE = 'BASE TABLE' AND TABLE_NAME = 'hellos' AND TABLE_SCHEMA = 'helloworld'
2022-06-08 21:05:11,134 INFO 10968 [egg-sequelize](2ms) Executed (default): SHOW INDEX FROM `hellos` FROM `helloworld`
2022-06-08 21:05:45,509 INFO 10968 [egg-sequelize](2ms) Executed (default): SELECT `id`, `msg`, `created_at` AS `createdAt`, `updated_at` AS `updatedAt` FROM `hellos` AS `hello`;
2022-06-08 21:42:21,560 INFO 10968 [egg-sequelize](0ms) Executed (default): SELECT `id`, `msg`, `created_at` AS `createdAt`, `updated_at` AS `updatedAt` FROM `hellos` AS `hello`;
2022-06-08 21:42:27,519 INFO 10968 [egg-sequelize](0ms) Executed (default): SELECT `id`, `msg`, `created_at` AS `createdAt`, `updated_at` AS `updatedAt` FROM `hellos` AS `hello`;
2022-06-08 21:43:20,855 INFO 10968 [egg-sequelize](1ms) Executed (default): SELECT `id`, `msg`, `created_at` AS `createdAt`, `updated_at` AS `updatedAt` FROM `hellos` AS `hello`;
2022-06-08 21:47:41,545 INFO 10968 [egg-sequelize](1ms) Executed (default): SELECT `id`, `msg`, `created_at` AS `createdAt`, `updated_at` AS `updatedAt` FROM `hellos` AS `hello`;
2022-06-08 21:56:29,989 INFO 10968 [egg-sequelize](1ms) Executed (default): SELECT `id`, `msg`, `created_at` AS `createdAt`, `updated_at` AS `updatedAt` FROM `hellos` AS `hello`;
2022-06-08 21:56:32,460 INFO 10968 [egg-sequelize](1ms) Executed (default): SELECT `id`, `msg`, `created_at` AS `createdAt`, `updated_at` AS `updatedAt` FROM `hellos` AS `hello`;
2022-06-08 22:01:54,397 INFO 10968 [egg-sequelize](0ms) Executed (default): SELECT `id`, `msg`, `created_at` AS `createdAt`, `updated_at` AS `updatedAt` FROM `hellos` AS `hello`;
2022-06-08 22:01:57,727 INFO 10968 [egg-sequelize](1ms) Executed (default): SELECT `id`, `msg`, `created_at` AS `createdAt`, `updated_at` AS `updatedAt` FROM `hellos` AS `hello`;
2022-06-08 22:06:15,750 INFO 10968 [egg-sequelize](2ms) Executed (default): SELECT `id`, `msg`, `created_at` AS `createdAt`, `updated_at` AS `updatedAt` FROM `hellos` AS `hello`;
2022-06-08 22:06:18,218 INFO 10968 [egg-sequelize](1ms) Executed (default): SELECT `id`, `msg`, `created_at` AS `createdAt`, `updated_at` AS `updatedAt` FROM `hellos` AS `hello`;
2022-06-08 22:08:34,680 INFO 15304 [egg-sequelize](1ms) Executed (default): SELECT 1+1 AS result
2022-06-08 22:08:34,681 INFO 15304 [egg-sequelize](2ms) Executed (default): SELECT TABLE_NAME FROM INFORMATION_SCHEMA.TABLES WHERE TABLE_TYPE = 'BASE TABLE' AND TABLE_NAME = 'hellos' AND TABLE_SCHEMA = 'helloworld'
2022-06-08 22:08:34,684 INFO 15304 [egg-sequelize](2ms) Executed (default): SHOW INDEX FROM `hellos` FROM `helloworld`
2022-06-08 22:10:44,344 INFO 4300 [egg-sequelize](1ms) Executed (default): SELECT 1+1 AS result
2022-06-08 22:10:44,346 INFO 4300 [egg-sequelize](3ms) Executed (default): SELECT TABLE_NAME FROM INFORMATION_SCHEMA.TABLES WHERE TABLE_TYPE = 'BASE TABLE' AND TABLE_NAME = 'hellos' AND TABLE_SCHEMA = 'helloworld'
2022-06-08 22:10:44,349 INFO 4300 [egg-sequelize](2ms) Executed (default): SHOW INDEX FROM `hellos` FROM `helloworld`
2022-06-08 22:11:28,670 INFO 12100 [egg-sequelize](1ms) Executed (default): SELECT 1+1 AS result
2022-06-08 22:11:28,672 INFO 12100 [egg-sequelize](3ms) Executed (default): SELECT TABLE_NAME FROM INFORMATION_SCHEMA.TABLES WHERE TABLE_TYPE = 'BASE TABLE' AND TABLE_NAME = 'hellos' AND TABLE_SCHEMA = 'helloworld'
2022-06-08 22:11:28,675 INFO 12100 [egg-sequelize](1ms) Executed (default): SHOW INDEX FROM `hellos` FROM `helloworld`
2022-06-08 22:13:56,550 INFO 12100 [egg-sequelize](1ms) Executed (default): SELECT `id`, `msg`, `created_at` AS `createdAt`, `updated_at` AS `updatedAt` FROM `hellos` AS `hello`;
2022-06-08 22:14:01,485 INFO 12100 [egg-sequelize](1ms) Executed (default): SELECT `id`, `msg`, `created_at` AS `createdAt`, `updated_at` AS `updatedAt` FROM `hellos` AS `hello`;
